INFO:__main__:Bot has started Running
INFO:__main__:Waiting for next round.
INFO:__main__:Starting Round : 1
INFO:__main__:Beginning StarterBot Logic Sequence
INFO:__main__:Writing command : C;1;ACCELERATE;
INFO:__main__:Waiting for next round.
INFO:__main__:Starting Round : 2
INFO:__main__:Beginning StarterBot Logic Sequence
INFO:__main__:Writing command : C;2;ACCELERATE;
INFO:__main__:Waiting for next round.
INFO:__main__:Starting Round : 3
INFO:__main__:Beginning StarterBot Logic Sequence
INFO:__main__:Writing command : C;3;ACCELERATE;
INFO:__main__:Waiting for next round.
INFO:__main__:Starting Round : 4
INFO:__main__:Beginning StarterBot Logic Sequence
INFO:__main__:Writing command : C;4;ACCELERATE;
INFO:__main__:Waiting for next round.
INFO:__main__:Starting Round : 5
INFO:__main__:Beginning StarterBot Logic Sequence
INFO:__main__:Writing command : C;5;ACCELERATE;
INFO:__main__:Waiting for next round.
INFO:__main__:Starting Round : 6
INFO:__main__:Beginning StarterBot Logic Sequence
INFO:__main__:Writing command : C;6;ACCELERATE;
INFO:__main__:Waiting for next round.
INFO:__main__:Starting Round : 7
INFO:__main__:Beginning StarterBot Logic Sequence
INFO:__main__:Writing command : C;7;ACCELERATE;
INFO:__main__:Waiting for next round.
INFO:__main__:Starting Round : 8
INFO:__main__:Beginning StarterBot Logic Sequence
INFO:__main__:Writing command : C;8;ACCELERATE;
INFO:__main__:Waiting for next round.
INFO:__main__:Starting Round : 9
INFO:__main__:Beginning StarterBot Logic Sequence
INFO:__main__:Writing command : C;9;ACCELERATE;
INFO:__main__:Waiting for next round.
INFO:__main__:Starting Round : 10
INFO:__main__:Beginning StarterBot Logic Sequence
INFO:__main__:Writing command : C;10;ACCELERATE;
INFO:__main__:Waiting for next round.
INFO:__main__:Starting Round : 11
INFO:__main__:Beginning StarterBot Logic Sequence
INFO:__main__:Writing command : C;11;ACCELERATE;
INFO:__main__:Waiting for next round.
INFO:__main__:Starting Round : 12
INFO:__main__:Beginning StarterBot Logic Sequence
INFO:__main__:Writing command : C;12;ACCELERATE;
INFO:__main__:Waiting for next round.
INFO:__main__:Starting Round : 13
INFO:__main__:Beginning StarterBot Logic Sequence
INFO:__main__:Writing command : C;13;ACCELERATE;
INFO:__main__:Waiting for next round.
INFO:__main__:Starting Round : 14
INFO:__main__:Beginning StarterBot Logic Sequence
INFO:__main__:Writing command : C;14;ACCELERATE;
INFO:__main__:Waiting for next round.
INFO:__main__:Starting Round : 15
INFO:__main__:Beginning StarterBot Logic Sequence
INFO:__main__:Writing command : C;15;ACCELERATE;
INFO:__main__:Waiting for next round.
INFO:__main__:Starting Round : 16
INFO:__main__:Beginning StarterBot Logic Sequence
INFO:__main__:Writing command : C;16;ACCELERATE;
INFO:__main__:Waiting for next round.
INFO:__main__:Starting Round : 17
INFO:__main__:Beginning StarterBot Logic Sequence
INFO:__main__:Writing command : C;17;ACCELERATE;
INFO:__main__:Waiting for next round.
INFO:__main__:Starting Round : 18
INFO:__main__:Beginning StarterBot Logic Sequence
INFO:__main__:Writing command : C;18;ACCELERATE;
INFO:__main__:Waiting for next round.
INFO:__main__:Starting Round : 19
INFO:__main__:Beginning StarterBot Logic Sequence
INFO:__main__:Writing command : C;19;ACCELERATE;
INFO:__main__:Waiting for next round.
INFO:__main__:Starting Round : 20
INFO:__main__:Beginning StarterBot Logic Sequence
INFO:__main__:Writing command : C;20;ACCELERATE;
INFO:__main__:Waiting for next round.
INFO:__main__:Starting Round : 21
INFO:__main__:Beginning StarterBot Logic Sequence
INFO:__main__:Writing command : C;21;ACCELERATE;
INFO:__main__:Waiting for next round.
INFO:__main__:Starting Round : 22
INFO:__main__:Beginning StarterBot Logic Sequence
INFO:__main__:Writing command : C;22;ACCELERATE;
INFO:__main__:Waiting for next round.
INFO:__main__:Starting Round : 23
INFO:__main__:Beginning StarterBot Logic Sequence
INFO:__main__:Writing command : C;23;ACCELERATE;
INFO:__main__:Waiting for next round.
INFO:__main__:Starting Round : 24
INFO:__main__:Beginning StarterBot Logic Sequence
INFO:__main__:Writing command : C;24;ACCELERATE;
INFO:__main__:Waiting for next round.
INFO:__main__:Starting Round : 25
INFO:__main__:Beginning StarterBot Logic Sequence
INFO:__main__:Writing command : C;25;ACCELERATE;
INFO:__main__:Waiting for next round.
INFO:__main__:Starting Round : 26
INFO:__main__:Beginning StarterBot Logic Sequence
INFO:__main__:Writing command : C;26;ACCELERATE;
INFO:__main__:Waiting for next round.
INFO:__main__:Starting Round : 27
INFO:__main__:Beginning StarterBot Logic Sequence
INFO:__main__:Writing command : C;27;ACCELERATE;
INFO:__main__:Waiting for next round.
INFO:__main__:Starting Round : 28
INFO:__main__:Beginning StarterBot Logic Sequence
INFO:__main__:Writing command : C;28;ACCELERATE;
INFO:__main__:Waiting for next round.
INFO:__main__:Starting Round : 29
INFO:__main__:Beginning StarterBot Logic Sequence
INFO:__main__:Writing command : C;29;ACCELERATE;
INFO:__main__:Waiting for next round.
INFO:__main__:Starting Round : 30
INFO:__main__:Beginning StarterBot Logic Sequence
INFO:__main__:Writing command : C;30;ACCELERATE;
INFO:__main__:Waiting for next round.
INFO:__main__:Starting Round : 31
INFO:__main__:Beginning StarterBot Logic Sequence
INFO:__main__:Writing command : C;31;ACCELERATE;
INFO:__main__:Waiting for next round.
INFO:__main__:Starting Round : 32
INFO:__main__:Beginning StarterBot Logic Sequence
INFO:__main__:Writing command : C;32;ACCELERATE;
INFO:__main__:Waiting for next round.
INFO:__main__:Starting Round : 33
INFO:__main__:Beginning StarterBot Logic Sequence
INFO:__main__:Writing command : C;33;ACCELERATE;
INFO:__main__:Waiting for next round.
INFO:__main__:Starting Round : 34
INFO:__main__:Beginning StarterBot Logic Sequence
INFO:__main__:Writing command : C;34;ACCELERATE;
INFO:__main__:Waiting for next round.
INFO:__main__:Starting Round : 35
INFO:__main__:Beginning StarterBot Logic Sequence
INFO:__main__:Writing command : C;35;ACCELERATE;
INFO:__main__:Waiting for next round.
INFO:__main__:Starting Round : 36
INFO:__main__:Beginning StarterBot Logic Sequence
INFO:__main__:Writing command : C;36;ACCELERATE;
INFO:__main__:Waiting for next round.
INFO:__main__:Starting Round : 37
INFO:__main__:Beginning StarterBot Logic Sequence
INFO:__main__:Writing command : C;37;ACCELERATE;
INFO:__main__:Waiting for next round.
INFO:__main__:Starting Round : 38
INFO:__main__:Beginning StarterBot Logic Sequence
INFO:__main__:Writing command : C;38;ACCELERATE;
INFO:__main__:Waiting for next round.
INFO:__main__:Starting Round : 39
INFO:__main__:Beginning StarterBot Logic Sequence
INFO:__main__:Writing command : C;39;ACCELERATE;
INFO:__main__:Waiting for next round.
INFO:__main__:Starting Round : 40
INFO:__main__:Beginning StarterBot Logic Sequence
INFO:__main__:Writing command : C;40;ACCELERATE;
INFO:__main__:Waiting for next round.
INFO:__main__:Starting Round : 41
INFO:__main__:Beginning StarterBot Logic Sequence
INFO:__main__:Writing command : C;41;ACCELERATE;
INFO:__main__:Waiting for next round.
INFO:__main__:Starting Round : 42
INFO:__main__:Beginning StarterBot Logic Sequence
INFO:__main__:Writing command : C;42;ACCELERATE;
INFO:__main__:Waiting for next round.
INFO:__main__:Starting Round : 43
INFO:__main__:Beginning StarterBot Logic Sequence
INFO:__main__:Writing command : C;43;ACCELERATE;
INFO:__main__:Waiting for next round.
INFO:__main__:Starting Round : 44
INFO:__main__:Beginning StarterBot Logic Sequence
INFO:__main__:Writing command : C;44;ACCELERATE;
INFO:__main__:Waiting for next round.
INFO:__main__:Starting Round : 45
INFO:__main__:Beginning StarterBot Logic Sequence
INFO:__main__:Writing command : C;45;ACCELERATE;
INFO:__main__:Waiting for next round.
INFO:__main__:Starting Round : 46
INFO:__main__:Beginning StarterBot Logic Sequence
INFO:__main__:Writing command : C;46;ACCELERATE;
INFO:__main__:Waiting for next round.
INFO:__main__:Starting Round : 47
INFO:__main__:Beginning StarterBot Logic Sequence
INFO:__main__:Writing command : C;47;ACCELERATE;
INFO:__main__:Waiting for next round.
INFO:__main__:Starting Round : 48
INFO:__main__:Beginning StarterBot Logic Sequence
INFO:__main__:Writing command : C;48;ACCELERATE;
INFO:__main__:Waiting for next round.
INFO:__main__:Starting Round : 49
INFO:__main__:Beginning StarterBot Logic Sequence
INFO:__main__:Writing command : C;49;ACCELERATE;
INFO:__main__:Waiting for next round.
INFO:__main__:Starting Round : 50
INFO:__main__:Beginning StarterBot Logic Sequence
INFO:__main__:Writing command : C;50;ACCELERATE;
INFO:__main__:Waiting for next round.
INFO:__main__:Starting Round : 51
INFO:__main__:Beginning StarterBot Logic Sequence
INFO:__main__:Writing command : C;51;ACCELERATE;
INFO:__main__:Waiting for next round.
INFO:__main__:Starting Round : 52
INFO:__main__:Beginning StarterBot Logic Sequence
INFO:__main__:Writing command : C;52;ACCELERATE;
INFO:__main__:Waiting for next round.
INFO:__main__:Starting Round : 53
INFO:__main__:Beginning StarterBot Logic Sequence
INFO:__main__:Writing command : C;53;ACCELERATE;
INFO:__main__:Waiting for next round.
INFO:__main__:Starting Round : 54
INFO:__main__:Beginning StarterBot Logic Sequence
INFO:__main__:Writing command : C;54;ACCELERATE;
INFO:__main__:Waiting for next round.
INFO:__main__:Starting Round : 55
INFO:__main__:Beginning StarterBot Logic Sequence
INFO:__main__:Writing command : C;55;ACCELERATE;
INFO:__main__:Waiting for next round.
INFO:__main__:Starting Round : 56
INFO:__main__:Beginning StarterBot Logic Sequence
INFO:__main__:Writing command : C;56;ACCELERATE;
INFO:__main__:Waiting for next round.
INFO:__main__:Starting Round : 57
INFO:__main__:Beginning StarterBot Logic Sequence
INFO:__main__:Writing command : C;57;ACCELERATE;
INFO:__main__:Waiting for next round.
INFO:__main__:Starting Round : 58
INFO:__main__:Beginning StarterBot Logic Sequence
INFO:__main__:Writing command : C;58;ACCELERATE;
INFO:__main__:Waiting for next round.
INFO:__main__:Starting Round : 59
INFO:__main__:Beginning StarterBot Logic Sequence
INFO:__main__:Writing command : C;59;ACCELERATE;
INFO:__main__:Waiting for next round.
INFO:__main__:Starting Round : 60
INFO:__main__:Beginning StarterBot Logic Sequence
INFO:__main__:Writing command : C;60;ACCELERATE;
INFO:__main__:Waiting for next round.
INFO:__main__:Starting Round : 61
INFO:__main__:Beginning StarterBot Logic Sequence
INFO:__main__:Writing command : C;61;ACCELERATE;
INFO:__main__:Waiting for next round.
INFO:__main__:Starting Round : 62
INFO:__main__:Beginning StarterBot Logic Sequence
INFO:__main__:Writing command : C;62;ACCELERATE;
INFO:__main__:Waiting for next round.
INFO:__main__:Starting Round : 63
INFO:__main__:Beginning StarterBot Logic Sequence
INFO:__main__:Writing command : C;63;ACCELERATE;
INFO:__main__:Waiting for next round.
INFO:__main__:Starting Round : 64
INFO:__main__:Beginning StarterBot Logic Sequence
INFO:__main__:Writing command : C;64;ACCELERATE;
INFO:__main__:Waiting for next round.
INFO:__main__:Starting Round : 65
INFO:__main__:Beginning StarterBot Logic Sequence
INFO:__main__:Writing command : C;65;ACCELERATE;
INFO:__main__:Waiting for next round.
INFO:__main__:Starting Round : 66
INFO:__main__:Beginning StarterBot Logic Sequence
INFO:__main__:Writing command : C;66;ACCELERATE;
INFO:__main__:Waiting for next round.
INFO:__main__:Starting Round : 67
INFO:__main__:Beginning StarterBot Logic Sequence
INFO:__main__:Writing command : C;67;ACCELERATE;
INFO:__main__:Waiting for next round.
INFO:__main__:Starting Round : 68
INFO:__main__:Beginning StarterBot Logic Sequence
INFO:__main__:Writing command : C;68;ACCELERATE;
INFO:__main__:Waiting for next round.
INFO:__main__:Starting Round : 69
INFO:__main__:Beginning StarterBot Logic Sequence
INFO:__main__:Writing command : C;69;ACCELERATE;
INFO:__main__:Waiting for next round.
INFO:__main__:Starting Round : 70
INFO:__main__:Beginning StarterBot Logic Sequence
INFO:__main__:Writing command : C;70;ACCELERATE;
INFO:__main__:Waiting for next round.
INFO:__main__:Starting Round : 71
INFO:__main__:Beginning StarterBot Logic Sequence
INFO:__main__:Writing command : C;71;ACCELERATE;
INFO:__main__:Waiting for next round.
INFO:__main__:Starting Round : 72
INFO:__main__:Beginning StarterBot Logic Sequence
INFO:__main__:Writing command : C;72;ACCELERATE;
INFO:__main__:Waiting for next round.
INFO:__main__:Starting Round : 73
INFO:__main__:Beginning StarterBot Logic Sequence
INFO:__main__:Writing command : C;73;ACCELERATE;
INFO:__main__:Waiting for next round.
INFO:__main__:Starting Round : 74
INFO:__main__:Beginning StarterBot Logic Sequence
INFO:__main__:Writing command : C;74;ACCELERATE;
INFO:__main__:Waiting for next round.
INFO:__main__:Starting Round : 75
INFO:__main__:Beginning StarterBot Logic Sequence
INFO:__main__:Writing command : C;75;ACCELERATE;
INFO:__main__:Waiting for next round.
INFO:__main__:Starting Round : 76
INFO:__main__:Beginning StarterBot Logic Sequence
INFO:__main__:Writing command : C;76;ACCELERATE;
INFO:__main__:Waiting for next round.
INFO:__main__:Starting Round : 77
INFO:__main__:Beginning StarterBot Logic Sequence
INFO:__main__:Writing command : C;77;ACCELERATE;
INFO:__main__:Waiting for next round.
INFO:__main__:Starting Round : 78
INFO:__main__:Beginning StarterBot Logic Sequence
INFO:__main__:Writing command : C;78;ACCELERATE;
INFO:__main__:Waiting for next round.
INFO:__main__:Starting Round : 79
INFO:__main__:Beginning StarterBot Logic Sequence
INFO:__main__:Writing command : C;79;ACCELERATE;
INFO:__main__:Waiting for next round.
INFO:__main__:Starting Round : 80
INFO:__main__:Beginning StarterBot Logic Sequence
INFO:__main__:Writing command : C;80;ACCELERATE;
INFO:__main__:Waiting for next round.
INFO:__main__:Starting Round : 81
INFO:__main__:Beginning StarterBot Logic Sequence
INFO:__main__:Writing command : C;81;ACCELERATE;
INFO:__main__:Waiting for next round.
INFO:__main__:Starting Round : 82
INFO:__main__:Beginning StarterBot Logic Sequence
INFO:__main__:Writing command : C;82;ACCELERATE;
INFO:__main__:Waiting for next round.
INFO:__main__:Starting Round : 83
INFO:__main__:Beginning StarterBot Logic Sequence
INFO:__main__:Writing command : C;83;ACCELERATE;
INFO:__main__:Waiting for next round.
INFO:__main__:Starting Round : 84
INFO:__main__:Beginning StarterBot Logic Sequence
INFO:__main__:Writing command : C;84;ACCELERATE;
INFO:__main__:Waiting for next round.
INFO:__main__:Starting Round : 85
INFO:__main__:Beginning StarterBot Logic Sequence
INFO:__main__:Writing command : C;85;ACCELERATE;
INFO:__main__:Waiting for next round.
INFO:__main__:Starting Round : 86
INFO:__main__:Beginning StarterBot Logic Sequence
INFO:__main__:Writing command : C;86;ACCELERATE;
INFO:__main__:Waiting for next round.
INFO:__main__:Starting Round : 87
INFO:__main__:Beginning StarterBot Logic Sequence
INFO:__main__:Writing command : C;87;ACCELERATE;
INFO:__main__:Waiting for next round.
INFO:__main__:Starting Round : 88
INFO:__main__:Beginning StarterBot Logic Sequence
INFO:__main__:Writing command : C;88;ACCELERATE;
INFO:__main__:Waiting for next round.
INFO:__main__:Starting Round : 89
INFO:__main__:Beginning StarterBot Logic Sequence
INFO:__main__:Writing command : C;89;ACCELERATE;
INFO:__main__:Waiting for next round.
INFO:__main__:Starting Round : 90
INFO:__main__:Beginning StarterBot Logic Sequence
INFO:__main__:Writing command : C;90;ACCELERATE;
INFO:__main__:Waiting for next round.
INFO:__main__:Starting Round : 91
INFO:__main__:Beginning StarterBot Logic Sequence
INFO:__main__:Writing command : C;91;ACCELERATE;
INFO:__main__:Waiting for next round.
INFO:__main__:Starting Round : 92
INFO:__main__:Beginning StarterBot Logic Sequence
INFO:__main__:Writing command : C;92;ACCELERATE;
INFO:__main__:Waiting for next round.
INFO:__main__:Starting Round : 93
INFO:__main__:Beginning StarterBot Logic Sequence
INFO:__main__:Writing command : C;93;ACCELERATE;
INFO:__main__:Waiting for next round.
INFO:__main__:Starting Round : 94
INFO:__main__:Beginning StarterBot Logic Sequence
INFO:__main__:Writing command : C;94;ACCELERATE;
INFO:__main__:Waiting for next round.
INFO:__main__:Starting Round : 95
INFO:__main__:Beginning StarterBot Logic Sequence
INFO:__main__:Writing command : C;95;ACCELERATE;
INFO:__main__:Waiting for next round.
INFO:__main__:Starting Round : 96
INFO:__main__:Beginning StarterBot Logic Sequence
INFO:__main__:Writing command : C;96;ACCELERATE;
INFO:__main__:Waiting for next round.
INFO:__main__:Starting Round : 97
INFO:__main__:Beginning StarterBot Logic Sequence
INFO:__main__:Writing command : C;97;ACCELERATE;
INFO:__main__:Waiting for next round.
INFO:__main__:Starting Round : 98
INFO:__main__:Beginning StarterBot Logic Sequence
INFO:__main__:Writing command : C;98;ACCELERATE;
INFO:__main__:Waiting for next round.
INFO:__main__:Starting Round : 99
INFO:__main__:Beginning StarterBot Logic Sequence
INFO:__main__:Writing command : C;99;ACCELERATE;
INFO:__main__:Waiting for next round.
INFO:__main__:Starting Round : 100
INFO:__main__:Beginning StarterBot Logic Sequence
INFO:__main__:Writing command : C;100;ACCELERATE;
INFO:__main__:Waiting for next round.
INFO:__main__:Starting Round : 101
INFO:__main__:Beginning StarterBot Logic Sequence
INFO:__main__:Writing command : C;101;ACCELERATE;
INFO:__main__:Waiting for next round.
INFO:__main__:Starting Round : 102
INFO:__main__:Beginning StarterBot Logic Sequence
INFO:__main__:Writing command : C;102;ACCELERATE;
INFO:__main__:Waiting for next round.
INFO:__main__:Starting Round : 103
INFO:__main__:Beginning StarterBot Logic Sequence
INFO:__main__:Writing command : C;103;ACCELERATE;
INFO:__main__:Waiting for next round.
INFO:__main__:Starting Round : 104
INFO:__main__:Beginning StarterBot Logic Sequence
INFO:__main__:Writing command : C;104;ACCELERATE;
INFO:__main__:Waiting for next round.
INFO:__main__:Starting Round : 105
INFO:__main__:Beginning StarterBot Logic Sequence
INFO:__main__:Writing command : C;105;ACCELERATE;
INFO:__main__:Waiting for next round.
INFO:__main__:Starting Round : 106
INFO:__main__:Beginning StarterBot Logic Sequence
INFO:__main__:Writing command : C;106;ACCELERATE;
INFO:__main__:Waiting for next round.
INFO:__main__:Starting Round : 107
INFO:__main__:Beginning StarterBot Logic Sequence
INFO:__main__:Writing command : C;107;ACCELERATE;
INFO:__main__:Waiting for next round.
INFO:__main__:Starting Round : 108
INFO:__main__:Beginning StarterBot Logic Sequence
INFO:__main__:Writing command : C;108;ACCELERATE;
INFO:__main__:Waiting for next round.
INFO:__main__:Starting Round : 109
INFO:__main__:Beginning StarterBot Logic Sequence
INFO:__main__:Writing command : C;109;ACCELERATE;
INFO:__main__:Waiting for next round.
INFO:__main__:Starting Round : 110
INFO:__main__:Beginning StarterBot Logic Sequence
INFO:__main__:Writing command : C;110;ACCELERATE;
INFO:__main__:Waiting for next round.
INFO:__main__:Starting Round : 111
INFO:__main__:Beginning StarterBot Logic Sequence
INFO:__main__:Writing command : C;111;ACCELERATE;
INFO:__main__:Waiting for next round.
INFO:__main__:Starting Round : 112
INFO:__main__:Beginning StarterBot Logic Sequence
INFO:__main__:Writing command : C;112;ACCELERATE;
INFO:__main__:Waiting for next round.
INFO:__main__:Starting Round : 113
INFO:__main__:Beginning StarterBot Logic Sequence
INFO:__main__:Writing command : C;113;ACCELERATE;
INFO:__main__:Waiting for next round.
INFO:__main__:Starting Round : 114
INFO:__main__:Beginning StarterBot Logic Sequence
INFO:__main__:Writing command : C;114;ACCELERATE;
INFO:__main__:Waiting for next round.
INFO:__main__:Starting Round : 115
INFO:__main__:Beginning StarterBot Logic Sequence
INFO:__main__:Writing command : C;115;ACCELERATE;
INFO:__main__:Waiting for next round.
INFO:__main__:Starting Round : 116
INFO:__main__:Beginning StarterBot Logic Sequence
INFO:__main__:Writing command : C;116;ACCELERATE;
INFO:__main__:Waiting for next round.
INFO:__main__:Starting Round : 117
INFO:__main__:Beginning StarterBot Logic Sequence
INFO:__main__:Writing command : C;117;ACCELERATE;
INFO:__main__:Waiting for next round.
INFO:__main__:Starting Round : 118
INFO:__main__:Beginning StarterBot Logic Sequence
INFO:__main__:Writing command : C;118;ACCELERATE;
INFO:__main__:Waiting for next round.
INFO:__main__:Starting Round : 119
INFO:__main__:Beginning StarterBot Logic Sequence
INFO:__main__:Writing command : C;119;ACCELERATE;
INFO:__main__:Waiting for next round.
INFO:__main__:Starting Round : 120
INFO:__main__:Beginning StarterBot Logic Sequence
INFO:__main__:Writing command : C;120;ACCELERATE;
INFO:__main__:Waiting for next round.
INFO:__main__:Starting Round : 121
INFO:__main__:Beginning StarterBot Logic Sequence
INFO:__main__:Writing command : C;121;ACCELERATE;
INFO:__main__:Waiting for next round.
INFO:__main__:Starting Round : 122
INFO:__main__:Beginning StarterBot Logic Sequence
INFO:__main__:Writing command : C;122;ACCELERATE;
INFO:__main__:Waiting for next round.
INFO:__main__:Starting Round : 123
INFO:__main__:Beginning StarterBot Logic Sequence
INFO:__main__:Writing command : C;123;ACCELERATE;
INFO:__main__:Waiting for next round.
INFO:__main__:Starting Round : 124
INFO:__main__:Beginning StarterBot Logic Sequence
INFO:__main__:Writing command : C;124;ACCELERATE;
INFO:__main__:Waiting for next round.
INFO:__main__:Starting Round : 125
INFO:__main__:Beginning StarterBot Logic Sequence
INFO:__main__:Writing command : C;125;ACCELERATE;
INFO:__main__:Waiting for next round.
INFO:__main__:Starting Round : 126
INFO:__main__:Beginning StarterBot Logic Sequence
INFO:__main__:Writing command : C;126;ACCELERATE;
INFO:__main__:Waiting for next round.
INFO:__main__:Starting Round : 127
INFO:__main__:Beginning StarterBot Logic Sequence
INFO:__main__:Writing command : C;127;ACCELERATE;
INFO:__main__:Waiting for next round.
INFO:__main__:Starting Round : 128
INFO:__main__:Beginning StarterBot Logic Sequence
INFO:__main__:Writing command : C;128;ACCELERATE;
INFO:__main__:Waiting for next round.
INFO:__main__:Starting Round : 129
INFO:__main__:Beginning StarterBot Logic Sequence
INFO:__main__:Writing command : C;129;ACCELERATE;
INFO:__main__:Waiting for next round.
INFO:__main__:Starting Round : 130
INFO:__main__:Beginning StarterBot Logic Sequence
INFO:__main__:Writing command : C;130;ACCELERATE;
INFO:__main__:Waiting for next round.
INFO:__main__:Starting Round : 131
INFO:__main__:Beginning StarterBot Logic Sequence
INFO:__main__:Writing command : C;131;ACCELERATE;
INFO:__main__:Waiting for next round.
INFO:__main__:Starting Round : 132
INFO:__main__:Beginning StarterBot Logic Sequence
INFO:__main__:Writing command : C;132;ACCELERATE;
INFO:__main__:Waiting for next round.
INFO:__main__:Starting Round : 133
INFO:__main__:Beginning StarterBot Logic Sequence
INFO:__main__:Writing command : C;133;ACCELERATE;
INFO:__main__:Waiting for next round.
INFO:__main__:Starting Round : 134
INFO:__main__:Beginning StarterBot Logic Sequence
INFO:__main__:Writing command : C;134;ACCELERATE;
INFO:__main__:Waiting for next round.
INFO:__main__:Starting Round : 135
INFO:__main__:Beginning StarterBot Logic Sequence
INFO:__main__:Writing command : C;135;ACCELERATE;
INFO:__main__:Waiting for next round.
INFO:__main__:Starting Round : 136
INFO:__main__:Beginning StarterBot Logic Sequence
INFO:__main__:Writing command : C;136;ACCELERATE;
INFO:__main__:Waiting for next round.
INFO:__main__:Starting Round : 137
INFO:__main__:Beginning StarterBot Logic Sequence
INFO:__main__:Writing command : C;137;ACCELERATE;
INFO:__main__:Waiting for next round.
INFO:__main__:Starting Round : 138
INFO:__main__:Beginning StarterBot Logic Sequence
INFO:__main__:Writing command : C;138;ACCELERATE;
INFO:__main__:Waiting for next round.
INFO:__main__:Starting Round : 139
INFO:__main__:Beginning StarterBot Logic Sequence
INFO:__main__:Writing command : C;139;ACCELERATE;
INFO:__main__:Waiting for next round.
INFO:__main__:Starting Round : 140
INFO:__main__:Beginning StarterBot Logic Sequence
INFO:__main__:Writing command : C;140;ACCELERATE;
INFO:__main__:Waiting for next round.
INFO:__main__:Starting Round : 141
INFO:__main__:Beginning StarterBot Logic Sequence
INFO:__main__:Writing command : C;141;ACCELERATE;
INFO:__main__:Waiting for next round.
INFO:__main__:Starting Round : 142
INFO:__main__:Beginning StarterBot Logic Sequence
INFO:__main__:Writing command : C;142;ACCELERATE;
INFO:__main__:Waiting for next round.
INFO:__main__:Starting Round : 143
INFO:__main__:Beginning StarterBot Logic Sequence
INFO:__main__:Writing command : C;143;ACCELERATE;
INFO:__main__:Waiting for next round.
INFO:__main__:Starting Round : 144
INFO:__main__:Beginning StarterBot Logic Sequence
INFO:__main__:Writing command : C;144;ACCELERATE;
INFO:__main__:Waiting for next round.
INFO:__main__:Starting Round : 145
INFO:__main__:Beginning StarterBot Logic Sequence
INFO:__main__:Writing command : C;145;ACCELERATE;
INFO:__main__:Waiting for next round.
INFO:__main__:Starting Round : 146
INFO:__main__:Beginning StarterBot Logic Sequence
INFO:__main__:Writing command : C;146;ACCELERATE;
INFO:__main__:Waiting for next round.
INFO:__main__:Starting Round : 147
INFO:__main__:Beginning StarterBot Logic Sequence
INFO:__main__:Writing command : C;147;ACCELERATE;
INFO:__main__:Waiting for next round.
INFO:__main__:Starting Round : 148
INFO:__main__:Beginning StarterBot Logic Sequence
INFO:__main__:Writing command : C;148;ACCELERATE;
INFO:__main__:Waiting for next round.
INFO:__main__:Starting Round : 149
INFO:__main__:Beginning StarterBot Logic Sequence
INFO:__main__:Writing command : C;149;ACCELERATE;
INFO:__main__:Waiting for next round.
INFO:__main__:Starting Round : 150
INFO:__main__:Beginning StarterBot Logic Sequence
INFO:__main__:Writing command : C;150;ACCELERATE;
INFO:__main__:Waiting for next round.
INFO:__main__:Starting Round : 151
INFO:__main__:Beginning StarterBot Logic Sequence
INFO:__main__:Writing command : C;151;ACCELERATE;
INFO:__main__:Waiting for next round.
INFO:__main__:Starting Round : 152
INFO:__main__:Beginning StarterBot Logic Sequence
INFO:__main__:Writing command : C;152;ACCELERATE;
INFO:__main__:Waiting for next round.
INFO:__main__:Starting Round : 153
INFO:__main__:Beginning StarterBot Logic Sequence
INFO:__main__:Writing command : C;153;ACCELERATE;
INFO:__main__:Waiting for next round.
INFO:__main__:Starting Round : 154
INFO:__main__:Beginning StarterBot Logic Sequence
INFO:__main__:Writing command : C;154;ACCELERATE;
INFO:__main__:Waiting for next round.
INFO:__main__:Starting Round : 155
INFO:__main__:Beginning StarterBot Logic Sequence
INFO:__main__:Writing command : C;155;ACCELERATE;
INFO:__main__:Waiting for next round.
INFO:__main__:Starting Round : 156
INFO:__main__:Beginning StarterBot Logic Sequence
INFO:__main__:Writing command : C;156;ACCELERATE;
INFO:__main__:Waiting for next round.
INFO:__main__:Starting Round : 157
INFO:__main__:Beginning StarterBot Logic Sequence
INFO:__main__:Writing command : C;157;ACCELERATE;
INFO:__main__:Waiting for next round.
INFO:__main__:Starting Round : 158
INFO:__main__:Beginning StarterBot Logic Sequence
INFO:__main__:Writing command : C;158;ACCELERATE;
INFO:__main__:Waiting for next round.
INFO:__main__:Starting Round : 159
INFO:__main__:Beginning StarterBot Logic Sequence
INFO:__main__:Writing command : C;159;ACCELERATE;
INFO:__main__:Waiting for next round.
INFO:__main__:Starting Round : 160
INFO:__main__:Beginning StarterBot Logic Sequence
INFO:__main__:Writing command : C;160;ACCELERATE;
INFO:__main__:Waiting for next round.
INFO:__main__:Starting Round : 161
INFO:__main__:Beginning StarterBot Logic Sequence
INFO:__main__:Writing command : C;161;ACCELERATE;
INFO:__main__:Waiting for next round.
INFO:__main__:Starting Round : 162
INFO:__main__:Beginning StarterBot Logic Sequence
INFO:__main__:Writing command : C;162;ACCELERATE;
INFO:__main__:Waiting for next round.
INFO:__main__:Starting Round : 163
INFO:__main__:Beginning StarterBot Logic Sequence
INFO:__main__:Writing command : C;163;ACCELERATE;
INFO:__main__:Waiting for next round.
INFO:__main__:Starting Round : 164
INFO:__main__:Beginning StarterBot Logic Sequence
INFO:__main__:Writing command : C;164;ACCELERATE;
INFO:__main__:Waiting for next round.
INFO:__main__:Starting Round : 165
INFO:__main__:Beginning StarterBot Logic Sequence
INFO:__main__:Writing command : C;165;ACCELERATE;
INFO:__main__:Waiting for next round.
INFO:__main__:Starting Round : 166
INFO:__main__:Beginning StarterBot Logic Sequence
INFO:__main__:Writing command : C;166;ACCELERATE;
INFO:__main__:Waiting for next round.
INFO:__main__:Starting Round : 167
INFO:__main__:Beginning StarterBot Logic Sequence
INFO:__main__:Writing command : C;167;ACCELERATE;
INFO:__main__:Waiting for next round.
INFO:__main__:Starting Round : 168
INFO:__main__:Beginning StarterBot Logic Sequence
INFO:__main__:Writing command : C;168;ACCELERATE;
INFO:__main__:Waiting for next round.
INFO:__main__:Starting Round : 169
INFO:__main__:Beginning StarterBot Logic Sequence
INFO:__main__:Writing command : C;169;ACCELERATE;
INFO:__main__:Waiting for next round.
INFO:__main__:Starting Round : 170
INFO:__main__:Beginning StarterBot Logic Sequence
INFO:__main__:Writing command : C;170;ACCELERATE;
INFO:__main__:Waiting for next round.
INFO:__main__:Starting Round : 171
INFO:__main__:Beginning StarterBot Logic Sequence
INFO:__main__:Writing command : C;171;ACCELERATE;
INFO:__main__:Waiting for next round.
INFO:__main__:Starting Round : 172
INFO:__main__:Beginning StarterBot Logic Sequence
INFO:__main__:Writing command : C;172;ACCELERATE;
INFO:__main__:Waiting for next round.
INFO:__main__:Starting Round : 173
INFO:__main__:Beginning StarterBot Logic Sequence
INFO:__main__:Writing command : C;173;ACCELERATE;
INFO:__main__:Waiting for next round.
INFO:__main__:Starting Round : 174
INFO:__main__:Beginning StarterBot Logic Sequence
INFO:__main__:Writing command : C;174;ACCELERATE;
INFO:__main__:Waiting for next round.
INFO:__main__:Starting Round : 175
INFO:__main__:Beginning StarterBot Logic Sequence
INFO:__main__:Writing command : C;175;ACCELERATE;
INFO:__main__:Waiting for next round.
INFO:__main__:Starting Round : 176
INFO:__main__:Beginning StarterBot Logic Sequence
INFO:__main__:Writing command : C;176;ACCELERATE;
INFO:__main__:Waiting for next round.
INFO:__main__:Starting Round : 177
INFO:__main__:Beginning StarterBot Logic Sequence
INFO:__main__:Writing command : C;177;ACCELERATE;
INFO:__main__:Waiting for next round.
INFO:__main__:Starting Round : 178
INFO:__main__:Beginning StarterBot Logic Sequence
INFO:__main__:Writing command : C;178;ACCELERATE;
INFO:__main__:Waiting for next round.
INFO:__main__:Starting Round : 179
INFO:__main__:Beginning StarterBot Logic Sequence
INFO:__main__:Writing command : C;179;ACCELERATE;
INFO:__main__:Waiting for next round.
INFO:__main__:Starting Round : 180
INFO:__main__:Beginning StarterBot Logic Sequence
INFO:__main__:Writing command : C;180;ACCELERATE;
INFO:__main__:Waiting for next round.
INFO:__main__:Starting Round : 181
INFO:__main__:Beginning StarterBot Logic Sequence
INFO:__main__:Writing command : C;181;ACCELERATE;
INFO:__main__:Waiting for next round.
INFO:__main__:Starting Round : 182
INFO:__main__:Beginning StarterBot Logic Sequence
INFO:__main__:Writing command : C;182;ACCELERATE;
INFO:__main__:Waiting for next round.
INFO:__main__:Starting Round : 183
INFO:__main__:Beginning StarterBot Logic Sequence
INFO:__main__:Writing command : C;183;ACCELERATE;
INFO:__main__:Waiting for next round.
INFO:__main__:Starting Round : 184
INFO:__main__:Beginning StarterBot Logic Sequence
INFO:__main__:Writing command : C;184;ACCELERATE;
INFO:__main__:Waiting for next round.
